[debug] [2018-08-22T07:41:51.121Z] ----------------------------------------------------------------------
[debug] [2018-08-22T07:41:51.125Z] Command:       C:\Program Files\nodejs\node.exe C:\Users\user\AppData\Roaming\npm\node_modules\firebase-tools\bin\firebase serve
[debug] [2018-08-22T07:41:51.125Z] CLI Version:   3.19.3
[debug] [2018-08-22T07:41:51.125Z] Platform:      win32
[debug] [2018-08-22T07:41:51.126Z] Node Version:  v8.11.3
[debug] [2018-08-22T07:41:51.126Z] Time:          Wed Aug 22 2018 14:11:51 GMT+0630 (Myanmar Standard Time)
[debug] [2018-08-22T07:41:51.126Z] ----------------------------------------------------------------------
[debug] 
[debug] [2018-08-22T07:41:51.142Z] > command requires scopes: ["email","openid","https://www.googleapis.com/auth/cloudplatformprojects.readonly","https://www.googleapis.com/auth/firebase","https://www.googleapis.com/auth/cloud-platform"]
[debug] [2018-08-22T07:41:51.144Z] > authorizing via signed-in user
[debug] [2018-08-22T07:41:51.147Z] > refreshing access token with scopes: ["email","https://www.googleapis.com/auth/cloud-platform","https://www.googleapis.com/auth/cloudplatformprojects.readonly","https://www.googleapis.com/auth/firebase","openid"]
[debug] [2018-08-22T07:41:51.148Z] >>> HTTP REQUEST POST https://www.googleapis.com/oauth2/v3/token  
 { refresh_token: '1/EaAAAjUeBdIax348iO8kjqel69jozLyO4UUeeLSTJTHxC8hpUbNnVIVI8kAZMP9o',
  client_id: '563584335869-fgrhgmd47bqnekij5i8b5pr03ho849e6.apps.googleusercontent.com',
  client_secret: 'j9iVZfS8kkCEFUPaAeJV0sAi',
  grant_type: 'refresh_token',
  scope: 'email https://www.googleapis.com/auth/cloud-platform https://www.googleapis.com/auth/cloudplatformprojects.readonly https://www.googleapis.com/auth/firebase openid' } 
 Wed Aug 22 2018 14:11:51 GMT+0630 (Myanmar Standard Time)
[debug] [2018-08-22T07:41:51.705Z] <<< HTTP RESPONSE 200
[debug] [2018-08-22T07:41:51.732Z] >>> HTTP REQUEST GET https://admin.firebase.com/v1/projects/etd-db-test-dev2  
  
 Wed Aug 22 2018 14:11:51 GMT+0630 (Myanmar Standard Time)
[debug] [2018-08-22T07:41:53.862Z] <<< HTTP RESPONSE 200
[debug] [2018-08-22T07:41:53.864Z] >>> HTTP REQUEST GET https://admin.firebase.com/v1/database/etd-db-test-dev2/tokens  
  
 Wed Aug 22 2018 14:11:53 GMT+0630 (Myanmar Standard Time)
[debug] [2018-08-22T07:41:55.143Z] <<< HTTP RESPONSE 200
[debug] [2018-08-22T07:41:55.145Z] >>> HTTP REQUEST GET https://cloudresourcemanager.googleapis.com/v1/projects/etd-db-test-dev2  
  
 Wed Aug 22 2018 14:11:55 GMT+0630 (Myanmar Standard Time)
[debug] [2018-08-22T07:41:57.468Z] <<< HTTP RESPONSE 200
[info] 
[info] === Serving from 'C:\Users\user\MyoMyo\ETD-DB-Test-Dev'...
[info] 
[debug] [2018-08-22T07:41:57.475Z] >>> HTTP REQUEST GET https://mobilesdk-pa.googleapis.com/v1/projects/332213444661/clients/_:getWebAppConfig  
  
 Wed Aug 22 2018 14:11:57 GMT+0630 (Myanmar Standard Time)
[debug] [2018-08-22T07:41:59.303Z] <<< HTTP RESPONSE 200
[info] i  hosting: Serving hosting files from: public
[info] +  hosting: Local server: http://localhost:5000

[debug] [2018-08-22T13:58:28.947Z] ----------------------------------------------------------------------
[debug] [2018-08-22T13:58:28.947Z] Command:       C:\Program Files\nodejs\node.exe C:\Users\user\AppData\Roaming\npm\node_modules\firebase-tools\bin\firebase serve
[debug] [2018-08-22T13:58:28.947Z] CLI Version:   3.19.3
[debug] [2018-08-22T13:58:28.947Z] Platform:      win32
[debug] [2018-08-22T13:58:28.947Z] Node Version:  v8.11.3
[debug] [2018-08-22T13:58:28.947Z] Time:          Wed Aug 22 2018 20:28:28 GMT+0630 (Myanmar Standard Time)
[debug] [2018-08-22T13:58:28.947Z] ----------------------------------------------------------------------
[debug] 
[debug] [2018-08-22T13:58:28.978Z] > command requires scopes: ["email","openid","https://www.googleapis.com/auth/cloudplatformprojects.readonly","https://www.googleapis.com/auth/firebase","https://www.googleapis.com/auth/cloud-platform"]
[debug] [2018-08-22T13:58:28.978Z] > authorizing via signed-in user
[debug] [2018-08-22T13:58:28.978Z] > refreshing access token with scopes: ["email","https://www.googleapis.com/auth/cloud-platform","https://www.googleapis.com/auth/cloudplatformprojects.readonly","https://www.googleapis.com/auth/firebase","openid"]
[debug] [2018-08-22T13:58:28.978Z] >>> HTTP REQUEST POST https://www.googleapis.com/oauth2/v3/token  
 { refresh_token: '1/EaAAAjUeBdIax348iO8kjqel69jozLyO4UUeeLSTJTHxC8hpUbNnVIVI8kAZMP9o',
  client_id: '563584335869-fgrhgmd47bqnekij5i8b5pr03ho849e6.apps.googleusercontent.com',
  client_secret: 'j9iVZfS8kkCEFUPaAeJV0sAi',
  grant_type: 'refresh_token',
  scope: 'email https://www.googleapis.com/auth/cloud-platform https://www.googleapis.com/auth/cloudplatformprojects.readonly https://www.googleapis.com/auth/firebase openid' } 
 Wed Aug 22 2018 20:28:28 GMT+0630 (Myanmar Standard Time)
[debug] [2018-08-22T13:58:29.603Z] <<< HTTP RESPONSE 200
[debug] [2018-08-22T13:58:29.650Z] >>> HTTP REQUEST GET https://admin.firebase.com/v1/projects/etd-db-test-dev2  
  
 Wed Aug 22 2018 20:28:29 GMT+0630 (Myanmar Standard Time)
[debug] [2018-08-22T13:58:31.463Z] <<< HTTP RESPONSE 200
[debug] [2018-08-22T13:58:31.463Z] >>> HTTP REQUEST GET https://admin.firebase.com/v1/database/etd-db-test-dev2/tokens  
  
 Wed Aug 22 2018 20:28:31 GMT+0630 (Myanmar Standard Time)
[debug] [2018-08-22T13:58:32.619Z] <<< HTTP RESPONSE 200
[debug] [2018-08-22T13:58:32.619Z] >>> HTTP REQUEST GET https://cloudresourcemanager.googleapis.com/v1/projects/etd-db-test-dev2  
  
 Wed Aug 22 2018 20:28:32 GMT+0630 (Myanmar Standard Time)
[debug] [2018-08-22T13:58:34.353Z] <<< HTTP RESPONSE 200
[info] 
[info] === Serving from 'C:\Users\user\MyoMyo\ETD-DB-Test-Dev'...
[info] 
[debug] [2018-08-22T13:58:34.400Z] >>> HTTP REQUEST GET https://mobilesdk-pa.googleapis.com/v1/projects/332213444661/clients/_:getWebAppConfig  
  
 Wed Aug 22 2018 20:28:34 GMT+0630 (Myanmar Standard Time)
[debug] [2018-08-22T13:58:35.635Z] <<< HTTP RESPONSE 200
[info] i  hosting: Serving hosting files from: public
[info] +  hosting: Local server: http://localhost:5000

